<?xml version="1.0" encoding="UTF-8"?>
<!-- Generated by org.testng.reporters.JUnitReportReporter -->
<testsuite hostname="DESKTOP-IF37F16" failures="0" tests="3" name="runner.runnerTestNG" time="30.450" errors="0" timestamp="2025-04-11T13:07:47 IST" skipped="0">
  <testcase classname="runner.runnerTestNG" name="runScenario" time="15.540"/>
  <testcase classname="runner.runnerTestNG" name="runScenario" time="6.933"/>
  <testcase classname="runner.runnerTestNG" name="runScenario" time="7.977"/>
</testsuite> <!-- runner.runnerTestNG -->
