<?xml version="1.0" encoding="UTF-8"?>
<!-- Generated by org.testng.reporters.JUnitReportReporter -->
<testsuite hostname="DESKTOP-IF37F16" failures="0" tests="3" name="runner.runnerTestNG" time="32.064" errors="0" timestamp="2025-04-11T12:47:29 IST" skipped="0">
  <testcase classname="runner.runnerTestNG" name="runScenario" time="16.481"/>
  <testcase classname="runner.runnerTestNG" name="runScenario" time="8.440"/>
  <testcase classname="runner.runnerTestNG" name="runScenario" time="7.143"/>
</testsuite> <!-- runner.runnerTestNG -->
